0 info it worked if it ends with ok
1 verbose cli [ 'node', '/usr/local/bin/npm', 'install', 'logbuffer' ]
2 info using npm@1.4.28
3 info using node@v0.10.33
4 verbose cache add [ 'logbuffer', null ]
5 verbose cache add name=undefined spec="logbuffer" args=["logbuffer",null]
6 verbose parsed url { protocol: null,
6 verbose parsed url   slashes: null,
6 verbose parsed url   auth: null,
6 verbose parsed url   host: null,
6 verbose parsed url   port: null,
6 verbose parsed url   hostname: null,
6 verbose parsed url   hash: null,
6 verbose parsed url   search: null,
6 verbose parsed url   query: null,
6 verbose parsed url   pathname: 'logbuffer',
6 verbose parsed url   path: 'logbuffer',
6 verbose parsed url   href: 'logbuffer' }
7 silly lockFile f403bc46-logbuffer logbuffer
8 verbose lock logbuffer /Users/christian/.npm/f403bc46-logbuffer.lock
9 silly lockFile f403bc46-logbuffer logbuffer
10 silly lockFile f403bc46-logbuffer logbuffer
11 verbose addNamed [ 'logbuffer', '' ]
12 verbose addNamed [ null, '*' ]
13 silly lockFile dff79194-logbuffer logbuffer@
14 verbose lock logbuffer@ /Users/christian/.npm/dff79194-logbuffer.lock
15 silly addNameRange { name: 'logbuffer', range: '*', hasData: false }
16 verbose request where is /logbuffer
17 verbose request registry https://registry.npmjs.org/
18 verbose request id becd3b25aeb07edb
19 verbose url raw /logbuffer
20 verbose url resolving [ 'https://registry.npmjs.org/', './logbuffer' ]
21 verbose url resolved https://registry.npmjs.org/logbuffer
22 verbose request where is https://registry.npmjs.org/logbuffer
23 info trying registry request attempt 1 at 09:28:58
24 http GET https://registry.npmjs.org/logbuffer
25 http 404 https://registry.npmjs.org/logbuffer
26 verbose headers { date: 'Wed, 24 Dec 2014 08:28:58 GMT',
26 verbose headers   server: 'CouchDB/1.5.0 (Erlang OTP/R14B04)',
26 verbose headers   'content-type': 'application/json',
26 verbose headers   'cache-control': 'max-age=0',
26 verbose headers   'content-length': '52',
26 verbose headers   'accept-ranges': 'bytes',
26 verbose headers   via: '1.1 varnish',
26 verbose headers   age: '0',
26 verbose headers   'x-served-by': 'cache-fra1240-FRA',
26 verbose headers   'x-cache': 'MISS',
26 verbose headers   'x-cache-hits': '0',
26 verbose headers   'x-timer': 'S1419409738.728467,VS0,VE109',
26 verbose headers   'keep-alive': 'timeout=10, max=50',
26 verbose headers   connection: 'Keep-Alive' }
27 silly registry.get cb [ 404,
27 silly registry.get   { date: 'Wed, 24 Dec 2014 08:28:58 GMT',
27 silly registry.get     server: 'CouchDB/1.5.0 (Erlang OTP/R14B04)',
27 silly registry.get     'content-type': 'application/json',
27 silly registry.get     'cache-control': 'max-age=0',
27 silly registry.get     'content-length': '52',
27 silly registry.get     'accept-ranges': 'bytes',
27 silly registry.get     via: '1.1 varnish',
27 silly registry.get     age: '0',
27 silly registry.get     'x-served-by': 'cache-fra1240-FRA',
27 silly registry.get     'x-cache': 'MISS',
27 silly registry.get     'x-cache-hits': '0',
27 silly registry.get     'x-timer': 'S1419409738.728467,VS0,VE109',
27 silly registry.get     'keep-alive': 'timeout=10, max=50',
27 silly registry.get     connection: 'Keep-Alive' } ]
28 silly lockFile dff79194-logbuffer logbuffer@
29 silly lockFile dff79194-logbuffer logbuffer@
30 error 404 404 Not Found: logbuffer
30 error 404
30 error 404 'logbuffer' is not in the npm registry.
30 error 404 You should bug the author to publish it
30 error 404
30 error 404 Note that you can also install from a
30 error 404 tarball, folder, or http url, or git url.
31 error System Darwin 14.0.0
32 error command "node" "/usr/local/bin/npm" "install" "logbuffer"
33 error cwd /Applications/XAMPP/xamppfiles/htdocs/jogo
34 error node -v v0.10.33
35 error npm -v 1.4.28
36 error code E404
37 verbose exit [ 1, true ]
